<?xml version="1.0" encoding="UTF-8"?>
<!-- Generated by org.testng.reporters.JUnitReportReporter -->
<testsuite hostname="LAPTOP-3BL16AQ1" failures="0" tests="3" name="TestNG.LoginToOrangeHRM2" time="3.641" errors="0" timestamp="2023-02-14T19:39:40 IST" skipped="0">
  <testcase classname="TestNG.LoginToOrangeHRM2" name="enterUserName" time="1.671"/>
  <system-out/>
  <testcase classname="TestNG.LoginToOrangeHRM2" name="enterPassword" time="0.627"/>
  <system-out/>
  <testcase classname="TestNG.LoginToOrangeHRM2" name="clickLogin" time="1.343"/>
  <system-out/>
</testsuite> <!-- TestNG.LoginToOrangeHRM2 -->
