<?xml version="1.0" encoding="UTF-8"?>
<!-- Generated by org.testng.reporters.JUnitReportReporter -->
<testsuite hostname="LAPTOP-3BL16AQ1" failures="0" tests="1" name="Listeners.Example" time="1.989" errors="0" timestamp="2023-02-15T19:46:46 IST" skipped="0">
  <testcase classname="Listeners.Example" name="enterCredentials" time="1.989"/>
  <system-out/>
</testsuite> <!-- Listeners.Example -->
