<?xml version="1.0" encoding="UTF-8"?>
<!-- Generated by org.testng.reporters.JUnitReportReporter -->
<testsuite hostname="LAPTOP-3BL16AQ1" failures="0" tests="3" name="TestNG.LoginToOrangeHRM_Edge" time="3.682" errors="0" timestamp="2023-02-14T19:39:40 IST" skipped="0">
  <testcase classname="TestNG.LoginToOrangeHRM_Edge" name="enterUserName" time="1.338"/>
  <system-out/>
  <testcase classname="TestNG.LoginToOrangeHRM_Edge" name="enterPassword" time="0.396"/>
  <system-out/>
  <testcase classname="TestNG.LoginToOrangeHRM_Edge" name="clickLogin" time="1.948"/>
  <system-out/>
</testsuite> <!-- TestNG.LoginToOrangeHRM_Edge -->
