<?xml version="1.0" encoding="UTF-8"?>
<!-- Generated by org.testng.reporters.JUnitReportReporter -->
<testsuite hostname="LAPTOP-3BL16AQ1" failures="0" tests="3" name="TestNG.LoginToOrangeHRM" time="4.254" errors="0" timestamp="2023-02-14T19:39:40 IST" skipped="0">
  <testcase classname="TestNG.LoginToOrangeHRM" name="enterUserName" time="1.396"/>
  <system-out/>
  <testcase classname="TestNG.LoginToOrangeHRM" name="enterPassword" time="0.592"/>
  <system-out/>
  <testcase classname="TestNG.LoginToOrangeHRM" name="clickLogin" time="2.266"/>
  <system-out/>
</testsuite> <!-- TestNG.LoginToOrangeHRM -->
