<?xml version="1.0" encoding="UTF-8"?>
<!-- Generated by org.testng.reporters.JUnitReportReporter -->
<testsuite hostname="LAPTOP-3BL16AQ1" failures="0" tests="12" name="TestNGAttributes.Attribute_InvocationCount" time="2.646" errors="0" timestamp="2023-02-14T19:57:07 IST" skipped="1">
  <testcase classname="TestNGAttributes.Attribute_InvocationCount" name="enterUserName" time="0.094"/>
  <system-out/>
  <testcase classname="TestNGAttributes.Attribute_InvocationCount" name="enterUserName" time="0.911"/>
  <system-out/>
  <testcase classname="TestNGAttributes.Attribute_InvocationCount" name="enterUserName" time="0.124"/>
  <system-out/>
  <testcase classname="TestNGAttributes.Attribute_InvocationCount" name="enterUserName" time="0.184"/>
  <system-out/>
  <testcase classname="TestNGAttributes.Attribute_InvocationCount" name="enterPassword" time="0.203"/>
  <system-out/>
  <testcase classname="TestNGAttributes.Attribute_InvocationCount" name="enterUserName" time="0.090"/>
  <system-out/>
  <testcase classname="TestNGAttributes.Attribute_InvocationCount" name="enterUserName" time="0.385"/>
  <system-out/>
  <testcase classname="TestNGAttributes.Attribute_InvocationCount" name="enterUserName" time="0.093"/>
  <system-out/>
  <testcase classname="TestNGAttributes.Attribute_InvocationCount" name="enterUserName" time="0.128"/>
  <system-out/>
  <testcase classname="TestNGAttributes.Attribute_InvocationCount" name="enterUserName" time="0.176"/>
  <system-out/>
  <testcase classname="TestNGAttributes.Attribute_InvocationCount" name="enterUserName" time="0.258"/>
  <system-out/>
  <testcase classname="TestNGAttributes.Attribute_InvocationCount" name="clickLogin">
    <skipped/>
  </testcase> <!-- clickLogin -->
  <system-out/>
</testsuite> <!-- TestNGAttributes.Attribute_InvocationCount -->
