<?xml version="1.0" encoding="UTF-8"?>
<!-- Generated by org.testng.reporters.JUnitReportReporter -->
<testsuite hostname="LAPTOP-3BL16AQ1" failures="0" tests="3" name="Tests.ForgotYourPasswordTest" time="13.713" errors="0" timestamp="2023-02-20T19:35:40 IST" skipped="0">
  <testcase classname="Tests.ForgotYourPasswordTest" name="clickLogin" time="2.090"/>
  <system-out/>
  <testcase classname="Tests.ForgotYourPasswordTest" name="enterUserName" time="1.680"/>
  <system-out/>
  <testcase classname="Tests.ForgotYourPasswordTest" name="clickCancel" time="9.943"/>
  <system-out/>
</testsuite> <!-- Tests.ForgotYourPasswordTest -->
