<?xml version="1.0" encoding="UTF-8"?>
<!-- Generated by org.testng.reporters.JUnitReportReporter -->
<testsuite hostname="LAPTOP-3BL16AQ1" failures="0" tests="3" name="Tests.LoginTest" time="15.954" errors="0" timestamp="2023-02-20T19:26:31 IST" skipped="0">
  <testcase classname="Tests.LoginTest" name="enterUserName" time="1.729"/>
  <system-out/>
  <testcase classname="Tests.LoginTest" name="enterPassword" time="7.070"/>
  <system-out/>
  <testcase classname="Tests.LoginTest" name="clickLogin" time="7.155"/>
  <system-out/>
</testsuite> <!-- Tests.LoginTest -->
