<?xml version="1.0" encoding="UTF-8"?>
<!-- Generated by org.testng.reporters.JUnitReportReporter -->
<testsuite hostname="LAPTOP-3BL16AQ1" failures="0" tests="5" name="Tests.LoginAndTest" time="5.711" errors="0" timestamp="2023-02-20T20:02:33 IST" skipped="0">
  <testcase classname="Tests.LoginAndTest" name="enterUserName" time="1.408"/>
  <system-out/>
  <testcase classname="Tests.LoginAndTest" name="enterPassword" time="0.364"/>
  <system-out/>
  <testcase classname="Tests.LoginAndTest" name="clickLogin" time="1.336"/>
  <system-out/>
  <testcase classname="Tests.LoginAndTest" name="clickPaul" time="0.590"/>
  <system-out/>
  <testcase classname="Tests.LoginAndTest" name="clickSignout" time="2.013"/>
  <system-out/>
</testsuite> <!-- Tests.LoginAndTest -->
