<?xml version="1.0" encoding="UTF-8"?>
<!-- Generated by org.testng.reporters.JUnitReportReporter -->
<testsuite hostname="LAPTOP-3BL16AQ1" failures="0" tests="12" name="TestNGAttributes.Attribute_Timeout" time="3.269" errors="0" timestamp="2023-02-14T19:59:10 IST" skipped="1">
  <testcase classname="TestNGAttributes.Attribute_Timeout" name="enterUserName" time="0.105"/>
  <system-out/>
  <testcase classname="TestNGAttributes.Attribute_Timeout" name="enterUserName" time="0.141"/>
  <system-out/>
  <testcase classname="TestNGAttributes.Attribute_Timeout" name="enterUserName" time="0.245"/>
  <system-out/>
  <testcase classname="TestNGAttributes.Attribute_Timeout" name="enterUserName" time="0.154"/>
  <system-out/>
  <testcase classname="TestNGAttributes.Attribute_Timeout" name="enterUserName" time="0.252"/>
  <system-out/>
  <testcase classname="TestNGAttributes.Attribute_Timeout" name="enterUserName" time="0.300"/>
  <system-out/>
  <testcase classname="TestNGAttributes.Attribute_Timeout" name="enterUserName" time="0.148"/>
  <system-out/>
  <testcase classname="TestNGAttributes.Attribute_Timeout" name="enterUserName" time="0.161"/>
  <system-out/>
  <testcase classname="TestNGAttributes.Attribute_Timeout" name="enterPassword" time="0.351"/>
  <system-out/>
  <testcase classname="TestNGAttributes.Attribute_Timeout" name="enterUserName" time="1.097"/>
  <system-out/>
  <testcase classname="TestNGAttributes.Attribute_Timeout" name="enterUserName" time="0.315"/>
  <system-out/>
  <testcase classname="TestNGAttributes.Attribute_Timeout" name="clickLogin">
    <skipped/>
  </testcase> <!-- clickLogin -->
  <system-out/>
</testsuite> <!-- TestNGAttributes.Attribute_Timeout -->
