<?xml version="1.0" encoding="UTF-8"?>
<!-- Generated by org.testng.reporters.JUnitReportReporter -->
<testsuite hostname="LAPTOP-3BL16AQ1" failures="0" tests="1" name="ScreenshotTests.Screenshot_Example" time="1.822" errors="0" timestamp="2023-02-15T19:39:05 IST" skipped="0">
  <testcase classname="ScreenshotTests.Screenshot_Example" name="enterCredentials" time="1.822"/>
  <system-out/>
</testsuite> <!-- ScreenshotTests.Screenshot_Example -->
