<?xml version="1.0" encoding="UTF-8"?>
<!-- Generated by org.testng.reporters.JUnitReportReporter -->
<testsuite hostname="LAPTOP-3BL16AQ1" failures="0" tests="3" name="TestNGAttributes.Attribute_DependsOnMethods" time="1.209" errors="0" timestamp="2023-02-14T19:52:49 IST" skipped="0">
  <testcase classname="TestNGAttributes.Attribute_DependsOnMethods" name="clickLogin" time="0.183"/>
  <system-out/>
  <testcase classname="TestNGAttributes.Attribute_DependsOnMethods" name="enterUserName" time="0.823"/>
  <system-out/>
  <testcase classname="TestNGAttributes.Attribute_DependsOnMethods" name="enterPassword" time="0.203"/>
  <system-out/>
</testsuite> <!-- TestNGAttributes.Attribute_DependsOnMethods -->
