<?xml version="1.0" encoding="UTF-8"?>
<!-- Generated by org.testng.reporters.JUnitReportReporter -->
<testsuite hostname="LAPTOP-3BL16AQ1" failures="0" tests="3" name="TestNGAttributes.DataProviders_Annotation" time="20.452" errors="0" timestamp="2023-02-15T19:20:30 IST" skipped="0">
  <testcase classname="TestNGAttributes.DataProviders_Annotation" name="enterCredentials" time="8.028"/>
  <system-out/>
  <testcase classname="TestNGAttributes.DataProviders_Annotation" name="enterCredentials" time="7.501"/>
  <system-out/>
  <testcase classname="TestNGAttributes.DataProviders_Annotation" name="enterCredentials" time="4.923"/>
  <system-out/>
</testsuite> <!-- TestNGAttributes.DataProviders_Annotation -->
