<?xml version="1.0" encoding="UTF-8"?>
<!-- Generated by org.testng.reporters.JUnitReportReporter -->
<testsuite hostname="LAPTOP-3BL16AQ1" failures="0" tests="3" name="TestNGAttributes.Attribute_Description" time="1.456" errors="0" timestamp="2023-02-14T19:50:05 IST" skipped="1">
  <testcase classname="TestNGAttributes.Attribute_Description" name="enterUserName" time="0.912"/>
  <system-out/>
  <testcase classname="TestNGAttributes.Attribute_Description" name="enterPassword" time="0.544"/>
  <system-out/>
  <testcase classname="TestNGAttributes.Attribute_Description" name="clickLogin">
    <skipped/>
  </testcase> <!-- clickLogin -->
  <system-out/>
</testsuite> <!-- TestNGAttributes.Attribute_Description -->
