<?xml version="1.0" encoding="UTF-8"?>
<!-- Generated by org.testng.reporters.JUnitReportReporter -->
<testsuite hostname="LAPTOP-3BL16AQ1" failures="0" tests="3" name="TestNGAttributes.Attribute_Enabled" time="3.227" errors="0" timestamp="2023-02-14T19:48:37 IST" skipped="0">
  <testcase classname="TestNGAttributes.Attribute_Enabled" name="enterUserName" time="1.205"/>
  <system-out/>
  <testcase classname="TestNGAttributes.Attribute_Enabled" name="enterPassword" time="0.407"/>
  <system-out/>
  <testcase classname="TestNGAttributes.Attribute_Enabled" name="clickLogin" time="1.615"/>
  <system-out/>
</testsuite> <!-- TestNGAttributes.Attribute_Enabled -->
