<?xml version="1.0" encoding="UTF-8"?>
<!-- Generated by org.testng.reporters.JUnitReportReporter -->
<testsuite hostname="LAPTOP-3BL16AQ1" failures="0" tests="3" name="TestNGAttributes.Attribute_priority" time="3.410" errors="0" timestamp="2023-02-14T19:46:04 IST" skipped="0">
  <testcase classname="TestNGAttributes.Attribute_priority" name="enterUserName" time="1.205"/>
  <system-out/>
  <testcase classname="TestNGAttributes.Attribute_priority" name="enterPassword" time="0.469"/>
  <system-out/>
  <testcase classname="TestNGAttributes.Attribute_priority" name="clickLogin" time="1.736"/>
  <system-out/>
</testsuite> <!-- TestNGAttributes.Attribute_priority -->
